{"C:\\Users\\Rks\\Atividade_Clima\\backend\\server.js": {"path":"C:\\Users\\Rks\\Atividade_Clima\\backend\\server.js","statementMap":{"0":{"start":{"line":1,"column":16},"end":{"line":1,"column":34}},"1":{"start":{"line":2,"column":13},"end":{"line":2,"column":28}},"2":{"start":{"line":3,"column":13},"end":{"line":3,"column":28}},"3":{"start":{"line":5,"column":19},"end":{"line":5,"column":55}},"4":{"start":{"line":6,"column":28},"end":{"line":6,"column":61}},"5":{"start":{"line":8,"column":12},"end":{"line":8,"column":21}},"6":{"start":{"line":9,"column":0},"end":{"line":9,"column":16}},"7":{"start":{"line":12,"column":0},"end":{"line":12,"column":61}},"8":{"start":{"line":14,"column":0},"end":{"line":29,"column":3}},"9":{"start":{"line":15,"column":25},"end":{"line":15,"column":34}},"10":{"start":{"line":17,"column":4},"end":{"line":28,"column":5}},"11":{"start":{"line":18,"column":24},"end":{"line":18,"column":50}},"12":{"start":{"line":19,"column":23},"end":{"line":19,"column":63}},"13":{"start":{"line":21,"column":8},"end":{"line":24,"column":11}},"14":{"start":{"line":27,"column":8},"end":{"line":27,"column":44}},"15":{"start":{"line":31,"column":0},"end":{"line":31,"column":21}},"16":{"start":{"line":34,"column":0},"end":{"line":38,"column":1}},"17":{"start":{"line":35,"column":2},"end":{"line":37,"column":5}},"18":{"start":{"line":36,"column":4},"end":{"line":36,"column":50}}},"fnMap":{"0":{"name":"(anonymous_0)","decl":{"start":{"line":14,"column":23},"end":{"line":14,"column":24}},"loc":{"start":{"line":14,"column":43},"end":{"line":29,"column":1}},"line":14},"1":{"name":"(anonymous_1)","decl":{"start":{"line":35,"column":19},"end":{"line":35,"column":20}},"loc":{"start":{"line":35,"column":25},"end":{"line":37,"column":3}},"line":35}},"branchMap":{"0":{"loc":{"start":{"line":34,"column":0},"end":{"line":38,"column":1}},"type":"if","locations":[{"start":{"line":34,"column":0},"end":{"line":38,"column":1}},{"start":{},"end":{}}],"line":34}},"s":{"0":2,"1":2,"2":2,"3":2,"4":2,"5":2,"6":2,"7":2,"8":2,"9":5,"10":5,"11":5,"12":3,"13":2,"14":3,"15":2,"16":2,"17":0,"18":0},"f":{"0":5,"1":0},"b":{"0":[0,2]},"_coverageSchema":"1a1c01bbd47fc00a2c39e90264f33305004495a9","hash":"b6621f94cae92de3d10b9448987679e7d92c630b"}
,"C:\\Users\\Rks\\Atividade_Clima\\backend\\services\\weatherService.js": {"path":"C:\\Users\\Rks\\Atividade_Clima\\backend\\services\\weatherService.js","statementMap":{"0":{"start":{"line":1,"column":14},"end":{"line":1,"column":30}},"1":{"start":{"line":3,"column":0},"end":{"line":11,"column":2}},"2":{"start":{"line":4,"column":16},"end":{"line":4,"column":110}},"3":{"start":{"line":6,"column":21},"end":{"line":6,"column":41}},"4":{"start":{"line":8,"column":4},"end":{"line":10,"column":6}}},"fnMap":{"0":{"name":"getWeather","decl":{"start":{"line":3,"column":32},"end":{"line":3,"column":42}},"loc":{"start":{"line":3,"column":53},"end":{"line":11,"column":1}},"line":3}},"branchMap":{},"s":{"0":3,"1":3,"2":3,"3":3,"4":2},"f":{"0":3},"b":{},"_coverageSchema":"1a1c01bbd47fc00a2c39e90264f33305004495a9","hash":"5222fadc596adcdb51ff582c162409b05a307a26"}
,"C:\\Users\\Rks\\Atividade_Clima\\backend\\utils\\irrigationRule.js": {"path":"C:\\Users\\Rks\\Atividade_Clima\\backend\\utils\\irrigationRule.js","statementMap":{"0":{"start":{"line":1,"column":0},"end":{"line":5,"column":2}},"1":{"start":{"line":2,"column":4},"end":{"line":2,"column":46}},"2":{"start":{"line":2,"column":19},"end":{"line":2,"column":46}},"3":{"start":{"line":3,"column":4},"end":{"line":3,"column":48}},"4":{"start":{"line":3,"column":20},"end":{"line":3,"column":48}},"5":{"start":{"line":4,"column":4},"end":{"line":4,"column":25}}},"fnMap":{"0":{"name":"getIrrigationAdvice","decl":{"start":{"line":1,"column":26},"end":{"line":1,"column":45}},"loc":{"start":{"line":1,"column":52},"end":{"line":5,"column":1}},"line":1}},"branchMap":{"0":{"loc":{"start":{"line":2,"column":4},"end":{"line":2,"column":46}},"type":"if","locations":[{"start":{"line":2,"column":4},"end":{"line":2,"column":46}},{"start":{},"end":{}}],"line":2},"1":{"loc":{"start":{"line":3,"column":4},"end":{"line":3,"column":48}},"type":"if","locations":[{"start":{"line":3,"column":4},"end":{"line":3,"column":48}},{"start":{},"end":{}}],"line":3}},"s":{"0":3,"1":11,"2":4,"3":7,"4":4,"5":3},"f":{"0":11},"b":{"0":[4,7],"1":[4,3]},"_coverageSchema":"1a1c01bbd47fc00a2c39e90264f33305004495a9","hash":"a83c8a5fe71cd6c5340869199468e25016de9aa1"}
}
