TN:
SF:backend\server.js
FN:14,(anonymous_0)
FN:35,(anonymous_1)
FNF:2
FNH:1
FNDA:5,(anonymous_0)
FNDA:0,(anonymous_1)
DA:1,2
DA:2,2
DA:3,2
DA:5,2
DA:6,2
DA:8,2
DA:9,2
DA:12,2
DA:14,2
DA:15,5
DA:17,5
DA:18,5
DA:19,3
DA:21,2
DA:27,3
DA:31,2
DA:34,2
DA:35,0
DA:36,0
LF:19
LH:17
BRDA:34,0,0,0
BRDA:34,0,1,2
BRF:2
BRH:1
end_of_record
TN:
SF:backend\services\weatherService.js
FN:3,getWeather
FNF:1
FNH:1
FNDA:3,getWeather
DA:1,3
DA:3,3
DA:4,3
DA:6,3
DA:8,2
LF:5
LH:5
BRF:0
BRH:0
end_of_record
TN:
SF:backend\utils\irrigationRule.js
FN:1,getIrrigationAdvice
FNF:1
FNH:1
FNDA:11,getIrrigationAdvice
DA:1,3
DA:2,11
DA:3,7
DA:4,3
LF:4
LH:4
BRDA:2,0,0,4
BRDA:2,0,1,7
BRDA:3,1,0,4
BRDA:3,1,1,3
BRF:4
BRH:4
end_of_record
