TN:
SF:backend\server.js
FN:14,(anonymous_0)
FN:35,(anonymous_1)
FNF:2
FNH:1
FNDA:1,(anonymous_0)
FNDA:0,(anonymous_1)
DA:1,1
DA:2,1
DA:3,1
DA:5,1
DA:6,1
DA:8,1
DA:9,1
DA:12,1
DA:14,1
DA:15,1
DA:17,1
DA:18,1
DA:19,1
DA:21,1
DA:27,0
DA:31,1
DA:34,1
DA:35,0
DA:36,0
LF:19
LH:16
BRDA:34,0,0,0
BRDA:34,0,1,1
BRF:2
BRH:1
end_of_record
TN:
SF:backend\services\weatherService.js
FN:3,getWeather
FNF:1
FNH:1
FNDA:1,getWeather
DA:1,2
DA:3,2
DA:4,1
DA:6,1
DA:9,1
LF:5
LH:5
BRF:0
BRH:0
end_of_record
TN:
SF:backend\utils\irrigationRule.js
FN:1,getIrrigationAdvice
FNF:1
FNH:1
FNDA:4,getIrrigationAdvice
DA:1,2
DA:2,4
DA:3,2
DA:4,1
LF:4
LH:4
BRDA:2,0,0,2
BRDA:2,0,1,2
BRDA:3,1,0,1
BRDA:3,1,1,1
BRF:4
BRH:4
end_of_record
